2020-10-02 13:33:23,714 INFO [main] o.h.j.i.u.LogHelper [LogHelper.java:31] HHH000204: Processing PersistenceUnitInfo [name: PERSISTENCE]
2020-10-02 13:33:24,161 INFO [main] o.h.Version [Version.java:46] HHH000412: Hibernate Core {5.4.1.Final}
2020-10-02 13:33:24,810 INFO [main] o.h.a.c.Version [JavaReflectionManager.java:49] HCANN000001: Hibernate Commons Annotations {5.1.0.Final}
2020-10-02 13:33:25,622 WARN [main] o.h.o.c.pooling [DriverManagerConnectionProviderImpl.java:72] HHH10001002: Using Hibernate built-in connection pool (not for production use!)
2020-10-02 13:33:25,995 INFO [main] o.h.o.c.pooling [DriverManagerConnectionProviderImpl.java:115] HHH10001005: using driver [com.microsoft.sqlserver.jdbc.SQLServerDriver] at URL [jdbc:sqlserver://localhost;databaseName=Sacchon]
2020-10-02 13:33:25,997 INFO [main] o.h.o.c.pooling [DriverManagerConnectionProviderImpl.java:124] HHH10001001: Connection properties: {password=****, user=sa}
2020-10-02 13:33:25,997 INFO [main] o.h.o.c.pooling [DriverManagerConnectionProviderImpl.java:129] HHH10001003: Autocommit mode: false
2020-10-02 13:33:26,003 INFO [main] o.h.e.j.c.i.DriverManagerConnectionProviderImpl [DriverManagerConnectionProviderImpl.java:239] HHH000115: Hibernate connection pool size: 20 (min=1)
2020-10-02 13:33:27,068 INFO [main] o.h.d.Dialect [Dialect.java:158] HHH000400: Using dialect: org.hibernate.dialect.SQLServer2012Dialect
2020-10-02 13:33:29,537 INFO [main] o.h.o.c.access [DdlTransactionIsolatorNonJtaImpl.java:47] HHH10001501: Connection obtained from JdbcConnectionAccess [org.hibernate.engine.jdbc.env.internal.JdbcEnvironmentInitiator$ConnectionProviderJdbcConnectionAccess@49469ffa] for (non-JTA) DDL execution was not in auto-commit mode; the Connection 'local transaction' will be committed and the Connection will be set into auto-commit mode.
2020-10-02 13:33:30,896 INFO [main] o.h.e.t.j.p.i.JtaPlatformInitiator [JtaPlatformInitiator.java:52] HHH000490: Using JtaPlatform implementation: [org.hibernate.engine.transaction.jta.platform.internal.NoJtaPlatform]
2020-10-02 13:33:31,215 INFO [main] o.e.j.u.log [Log.java:193] Logging initialized @10964ms to org.eclipse.jetty.util.log.Slf4jLog
2020-10-02 13:33:31,326 INFO [main] o.e.j.s.Server [Server.java:374] jetty-9.4.11.v20180605; built: 2018-06-05T18:24:03.829Z; git: d5fc0523cfa96bfebfbda19606cad384d772f04c; jvm 14.0.2+12-46
2020-10-02 13:33:31,423 INFO [main] o.e.j.s.AbstractConnector [AbstractConnector.java:289] Started ServerConnector@2d5a1588{HTTP/1.1,[http/1.1]}{0.0.0.0:9000}
2020-10-02 13:33:31,423 INFO [main] o.e.j.s.Server [Server.java:411] Started @11172ms
2020-10-02 14:25:01,830 INFO [main] o.h.j.i.u.LogHelper [LogHelper.java:31] HHH000204: Processing PersistenceUnitInfo [name: PERSISTENCE]
2020-10-02 14:25:02,301 INFO [main] o.h.Version [Version.java:46] HHH000412: Hibernate Core {5.4.1.Final}
2020-10-02 14:25:02,837 INFO [main] o.h.a.c.Version [JavaReflectionManager.java:49] HCANN000001: Hibernate Commons Annotations {5.1.0.Final}
2020-10-02 14:25:03,462 WARN [main] o.h.o.c.pooling [DriverManagerConnectionProviderImpl.java:72] HHH10001002: Using Hibernate built-in connection pool (not for production use!)
2020-10-02 14:25:03,700 INFO [main] o.h.o.c.pooling [DriverManagerConnectionProviderImpl.java:115] HHH10001005: using driver [com.microsoft.sqlserver.jdbc.SQLServerDriver] at URL [jdbc:sqlserver://localhost;databaseName=Sacchon]
2020-10-02 14:25:03,701 INFO [main] o.h.o.c.pooling [DriverManagerConnectionProviderImpl.java:124] HHH10001001: Connection properties: {password=****, user=sa}
2020-10-02 14:25:03,702 INFO [main] o.h.o.c.pooling [DriverManagerConnectionProviderImpl.java:129] HHH10001003: Autocommit mode: false
2020-10-02 14:25:03,707 INFO [main] o.h.e.j.c.i.DriverManagerConnectionProviderImpl [DriverManagerConnectionProviderImpl.java:239] HHH000115: Hibernate connection pool size: 20 (min=1)
2020-10-02 14:25:04,221 INFO [main] o.h.d.Dialect [Dialect.java:158] HHH000400: Using dialect: org.hibernate.dialect.SQLServer2012Dialect
2020-10-02 14:25:05,740 INFO [main] o.h.o.c.access [DdlTransactionIsolatorNonJtaImpl.java:47] HHH10001501: Connection obtained from JdbcConnectionAccess [org.hibernate.engine.jdbc.env.internal.JdbcEnvironmentInitiator$ConnectionProviderJdbcConnectionAccess@22c53d82] for (non-JTA) DDL execution was not in auto-commit mode; the Connection 'local transaction' will be committed and the Connection will be set into auto-commit mode.
2020-10-02 14:25:05,752 WARN [main] o.h.t.s.i.ExceptionHandlerLoggedImpl [ExceptionHandlerLoggedImpl.java:27] GenerationTarget encountered exception accepting command : Error executing DDL "alter table Carb drop constraint FK2x7lygr55e8npc9w9ej5xgnjc" via JDBC Statement
org.hibernate.tool.schema.spi.CommandAcceptanceException: Error executing DDL "alter table Carb drop constraint FK2x7lygr55e8npc9w9ej5xgnjc" via JDBC Statement
	at org.hibernate.tool.schema.internal.exec.GenerationTargetToDatabase.accept(GenerationTargetToDatabase.java:67)
	at org.hibernate.tool.schema.internal.SchemaDropperImpl.applySqlString(SchemaDropperImpl.java:375)
	at org.hibernate.tool.schema.internal.SchemaDropperImpl.applySqlStrings(SchemaDropperImpl.java:359)
	at org.hibernate.tool.schema.internal.SchemaDropperImpl.applyConstraintDropping(SchemaDropperImpl.java:331)
	at org.hibernate.tool.schema.internal.SchemaDropperImpl.dropFromMetadata(SchemaDropperImpl.java:230)
	at org.hibernate.tool.schema.internal.SchemaDropperImpl.performDrop(SchemaDropperImpl.java:154)
	at org.hibernate.tool.schema.internal.SchemaDropperImpl.doDrop(SchemaDropperImpl.java:126)
	at org.hibernate.tool.schema.internal.SchemaDropperImpl.doDrop(SchemaDropperImpl.java:112)
	at org.hibernate.tool.schema.spi.SchemaManagementToolCoordinator.performDatabaseAction(SchemaManagementToolCoordinator.java:144)
	at org.hibernate.tool.schema.spi.SchemaManagementToolCoordinator.process(SchemaManagementToolCoordinator.java:72)
	at org.hibernate.internal.SessionFactoryImpl.<init>(SessionFactoryImpl.java:309)
	at org.hibernate.boot.internal.SessionFactoryBuilderImpl.build(SessionFactoryBuilderImpl.java:462)
	at org.hibernate.jpa.boot.internal.EntityManagerFactoryBuilderImpl.build(EntityManagerFactoryBuilderImpl.java:938)
	at org.hibernate.jpa.HibernatePersistenceProvider.createEntityManagerFactory(HibernatePersistenceProvider.java:56)
	at javax.persistence.Persistence.createEntityManagerFactory(Persistence.java:79)
	at javax.persistence.Persistence.createEntityManagerFactory(Persistence.java:54)
	at com.pfizer.sacchon.repository.util.JpaUtil.getEntityManagerFactory(JpaUtil.java:13)
	at com.pfizer.sacchon.repository.util.JpaUtil.getEntityManager(JpaUtil.java:18)
	at com.pfizer.sacchon.Main.main(Main.java:26)
Caused by: com.microsoft.sqlserver.jdbc.SQLServerException: Cannot find the object "Carb" because it does not exist or you do not have permissions.
	at com.microsoft.sqlserver.jdbc.SQLServerException.makeFromDatabaseError(SQLServerException.java:254)
	at com.microsoft.sqlserver.jdbc.SQLServerStatement.getNextResult(SQLServerStatement.java:1608)
	at com.microsoft.sqlserver.jdbc.SQLServerStatement.doExecuteStatement(SQLServerStatement.java:859)
	at com.microsoft.sqlserver.jdbc.SQLServerStatement$StmtExecCmd.doExecute(SQLServerStatement.java:759)
	at com.microsoft.sqlserver.jdbc.TDSCommand.execute(IOBuffer.java:7240)
	at com.microsoft.sqlserver.jdbc.SQLServerConnection.executeCommand(SQLServerConnection.java:2869)
	at com.microsoft.sqlserver.jdbc.SQLServerStatement.executeCommand(SQLServerStatement.java:243)
	at com.microsoft.sqlserver.jdbc.SQLServerStatement.executeStatement(SQLServerStatement.java:218)
	at com.microsoft.sqlserver.jdbc.SQLServerStatement.execute(SQLServerStatement.java:739)
	at org.hibernate.tool.schema.internal.exec.GenerationTargetToDatabase.accept(GenerationTargetToDatabase.java:54)
	... 18 common frames omitted
2020-10-02 14:25:05,754 WARN [main] o.h.t.s.i.ExceptionHandlerLoggedImpl [ExceptionHandlerLoggedImpl.java:27] GenerationTarget encountered exception accepting command : Error executing DDL "alter table Glucose drop constraint FK19jbgp4r3q3n6gvaquvudymgf" via JDBC Statement
org.hibernate.tool.schema.spi.CommandAcceptanceException: Error executing DDL "alter table Glucose drop constraint FK19jbgp4r3q3n6gvaquvudymgf" via JDBC Statement
	at org.hibernate.tool.schema.internal.exec.GenerationTargetToDatabase.accept(GenerationTargetToDatabase.java:67)
	at org.hibernate.tool.schema.internal.SchemaDropperImpl.applySqlString(SchemaDropperImpl.java:375)
	at org.hibernate.tool.schema.internal.SchemaDropperImpl.applySqlStrings(SchemaDropperImpl.java:359)
	at org.hibernate.tool.schema.internal.SchemaDropperImpl.applyConstraintDropping(SchemaDropperImpl.java:331)
	at org.hibernate.tool.schema.internal.SchemaDropperImpl.dropFromMetadata(SchemaDropperImpl.java:230)
	at org.hibernate.tool.schema.internal.SchemaDropperImpl.performDrop(SchemaDropperImpl.java:154)
	at org.hibernate.tool.schema.internal.SchemaDropperImpl.doDrop(SchemaDropperImpl.java:126)
	at org.hibernate.tool.schema.internal.SchemaDropperImpl.doDrop(SchemaDropperImpl.java:112)
	at org.hibernate.tool.schema.spi.SchemaManagementToolCoordinator.performDatabaseAction(SchemaManagementToolCoordinator.java:144)
	at org.hibernate.tool.schema.spi.SchemaManagementToolCoordinator.process(SchemaManagementToolCoordinator.java:72)
	at org.hibernate.internal.SessionFactoryImpl.<init>(SessionFactoryImpl.java:309)
	at org.hibernate.boot.internal.SessionFactoryBuilderImpl.build(SessionFactoryBuilderImpl.java:462)
	at org.hibernate.jpa.boot.internal.EntityManagerFactoryBuilderImpl.build(EntityManagerFactoryBuilderImpl.java:938)
	at org.hibernate.jpa.HibernatePersistenceProvider.createEntityManagerFactory(HibernatePersistenceProvider.java:56)
	at javax.persistence.Persistence.createEntityManagerFactory(Persistence.java:79)
	at javax.persistence.Persistence.createEntityManagerFactory(Persistence.java:54)
	at com.pfizer.sacchon.repository.util.JpaUtil.getEntityManagerFactory(JpaUtil.java:13)
	at com.pfizer.sacchon.repository.util.JpaUtil.getEntityManager(JpaUtil.java:18)
	at com.pfizer.sacchon.Main.main(Main.java:26)
Caused by: com.microsoft.sqlserver.jdbc.SQLServerException: Cannot find the object "Glucose" because it does not exist or you do not have permissions.
	at com.microsoft.sqlserver.jdbc.SQLServerException.makeFromDatabaseError(SQLServerException.java:254)
	at com.microsoft.sqlserver.jdbc.SQLServerStatement.getNextResult(SQLServerStatement.java:1608)
	at com.microsoft.sqlserver.jdbc.SQLServerStatement.doExecuteStatement(SQLServerStatement.java:859)
	at com.microsoft.sqlserver.jdbc.SQLServerStatement$StmtExecCmd.doExecute(SQLServerStatement.java:759)
	at com.microsoft.sqlserver.jdbc.TDSCommand.execute(IOBuffer.java:7240)
	at com.microsoft.sqlserver.jdbc.SQLServerConnection.executeCommand(SQLServerConnection.java:2869)
	at com.microsoft.sqlserver.jdbc.SQLServerStatement.executeCommand(SQLServerStatement.java:243)
	at com.microsoft.sqlserver.jdbc.SQLServerStatement.executeStatement(SQLServerStatement.java:218)
	at com.microsoft.sqlserver.jdbc.SQLServerStatement.execute(SQLServerStatement.java:739)
	at org.hibernate.tool.schema.internal.exec.GenerationTargetToDatabase.accept(GenerationTargetToDatabase.java:54)
	... 18 common frames omitted
2020-10-02 14:25:05,756 WARN [main] o.h.t.s.i.ExceptionHandlerLoggedImpl [ExceptionHandlerLoggedImpl.java:27] GenerationTarget encountered exception accepting command : Error executing DDL "alter table Note drop constraint FKcx6pt6tf8rh7iutf5hsug96ic" via JDBC Statement
org.hibernate.tool.schema.spi.CommandAcceptanceException: Error executing DDL "alter table Note drop constraint FKcx6pt6tf8rh7iutf5hsug96ic" via JDBC Statement
	at org.hibernate.tool.schema.internal.exec.GenerationTargetToDatabase.accept(GenerationTargetToDatabase.java:67)
	at org.hibernate.tool.schema.internal.SchemaDropperImpl.applySqlString(SchemaDropperImpl.java:375)
	at org.hibernate.tool.schema.internal.SchemaDropperImpl.applySqlStrings(SchemaDropperImpl.java:359)
	at org.hibernate.tool.schema.internal.SchemaDropperImpl.applyConstraintDropping(SchemaDropperImpl.java:331)
	at org.hibernate.tool.schema.internal.SchemaDropperImpl.dropFromMetadata(SchemaDropperImpl.java:230)
	at org.hibernate.tool.schema.internal.SchemaDropperImpl.performDrop(SchemaDropperImpl.java:154)
	at org.hibernate.tool.schema.internal.SchemaDropperImpl.doDrop(SchemaDropperImpl.java:126)
	at org.hibernate.tool.schema.internal.SchemaDropperImpl.doDrop(SchemaDropperImpl.java:112)
	at org.hibernate.tool.schema.spi.SchemaManagementToolCoordinator.performDatabaseAction(SchemaManagementToolCoordinator.java:144)
	at org.hibernate.tool.schema.spi.SchemaManagementToolCoordinator.process(SchemaManagementToolCoordinator.java:72)
	at org.hibernate.internal.SessionFactoryImpl.<init>(SessionFactoryImpl.java:309)
	at org.hibernate.boot.internal.SessionFactoryBuilderImpl.build(SessionFactoryBuilderImpl.java:462)
	at org.hibernate.jpa.boot.internal.EntityManagerFactoryBuilderImpl.build(EntityManagerFactoryBuilderImpl.java:938)
	at org.hibernate.jpa.HibernatePersistenceProvider.createEntityManagerFactory(HibernatePersistenceProvider.java:56)
	at javax.persistence.Persistence.createEntityManagerFactory(Persistence.java:79)
	at javax.persistence.Persistence.createEntityManagerFactory(Persistence.java:54)
	at com.pfizer.sacchon.repository.util.JpaUtil.getEntityManagerFactory(JpaUtil.java:13)
	at com.pfizer.sacchon.repository.util.JpaUtil.getEntityManager(JpaUtil.java:18)
	at com.pfizer.sacchon.Main.main(Main.java:26)
Caused by: com.microsoft.sqlserver.jdbc.SQLServerException: Cannot find the object "Note" because it does not exist or you do not have permissions.
	at com.microsoft.sqlserver.jdbc.SQLServerException.makeFromDatabaseError(SQLServerException.java:254)
	at com.microsoft.sqlserver.jdbc.SQLServerStatement.getNextResult(SQLServerStatement.java:1608)
	at com.microsoft.sqlserver.jdbc.SQLServerStatement.doExecuteStatement(SQLServerStatement.java:859)
	at com.microsoft.sqlserver.jdbc.SQLServerStatement$StmtExecCmd.doExecute(SQLServerStatement.java:759)
	at com.microsoft.sqlserver.jdbc.TDSCommand.execute(IOBuffer.java:7240)
	at com.microsoft.sqlserver.jdbc.SQLServerConnection.executeCommand(SQLServerConnection.java:2869)
	at com.microsoft.sqlserver.jdbc.SQLServerStatement.executeCommand(SQLServerStatement.java:243)
	at com.microsoft.sqlserver.jdbc.SQLServerStatement.executeStatement(SQLServerStatement.java:218)
	at com.microsoft.sqlserver.jdbc.SQLServerStatement.execute(SQLServerStatement.java:739)
	at org.hibernate.tool.schema.internal.exec.GenerationTargetToDatabase.accept(GenerationTargetToDatabase.java:54)
	... 18 common frames omitted
2020-10-02 14:25:05,758 WARN [main] o.h.t.s.i.ExceptionHandlerLoggedImpl [ExceptionHandlerLoggedImpl.java:27] GenerationTarget encountered exception accepting command : Error executing DDL "alter table Note drop constraint FK7ht0puo29j6qjf1vam5317p4a" via JDBC Statement
org.hibernate.tool.schema.spi.CommandAcceptanceException: Error executing DDL "alter table Note drop constraint FK7ht0puo29j6qjf1vam5317p4a" via JDBC Statement
	at org.hibernate.tool.schema.internal.exec.GenerationTargetToDatabase.accept(GenerationTargetToDatabase.java:67)
	at org.hibernate.tool.schema.internal.SchemaDropperImpl.applySqlString(SchemaDropperImpl.java:375)
	at org.hibernate.tool.schema.internal.SchemaDropperImpl.applySqlStrings(SchemaDropperImpl.java:359)
	at org.hibernate.tool.schema.internal.SchemaDropperImpl.applyConstraintDropping(SchemaDropperImpl.java:331)
	at org.hibernate.tool.schema.internal.SchemaDropperImpl.dropFromMetadata(SchemaDropperImpl.java:230)
	at org.hibernate.tool.schema.internal.SchemaDropperImpl.performDrop(SchemaDropperImpl.java:154)
	at org.hibernate.tool.schema.internal.SchemaDropperImpl.doDrop(SchemaDropperImpl.java:126)
	at org.hibernate.tool.schema.internal.SchemaDropperImpl.doDrop(SchemaDropperImpl.java:112)
	at org.hibernate.tool.schema.spi.SchemaManagementToolCoordinator.performDatabaseAction(SchemaManagementToolCoordinator.java:144)
	at org.hibernate.tool.schema.spi.SchemaManagementToolCoordinator.process(SchemaManagementToolCoordinator.java:72)
	at org.hibernate.internal.SessionFactoryImpl.<init>(SessionFactoryImpl.java:309)
	at org.hibernate.boot.internal.SessionFactoryBuilderImpl.build(SessionFactoryBuilderImpl.java:462)
	at org.hibernate.jpa.boot.internal.EntityManagerFactoryBuilderImpl.build(EntityManagerFactoryBuilderImpl.java:938)
	at org.hibernate.jpa.HibernatePersistenceProvider.createEntityManagerFactory(HibernatePersistenceProvider.java:56)
	at javax.persistence.Persistence.createEntityManagerFactory(Persistence.java:79)
	at javax.persistence.Persistence.createEntityManagerFactory(Persistence.java:54)
	at com.pfizer.sacchon.repository.util.JpaUtil.getEntityManagerFactory(JpaUtil.java:13)
	at com.pfizer.sacchon.repository.util.JpaUtil.getEntityManager(JpaUtil.java:18)
	at com.pfizer.sacchon.Main.main(Main.java:26)
Caused by: com.microsoft.sqlserver.jdbc.SQLServerException: Cannot find the object "Note" because it does not exist or you do not have permissions.
	at com.microsoft.sqlserver.jdbc.SQLServerException.makeFromDatabaseError(SQLServerException.java:254)
	at com.microsoft.sqlserver.jdbc.SQLServerStatement.getNextResult(SQLServerStatement.java:1608)
	at com.microsoft.sqlserver.jdbc.SQLServerStatement.doExecuteStatement(SQLServerStatement.java:859)
	at com.microsoft.sqlserver.jdbc.SQLServerStatement$StmtExecCmd.doExecute(SQLServerStatement.java:759)
	at com.microsoft.sqlserver.jdbc.TDSCommand.execute(IOBuffer.java:7240)
	at com.microsoft.sqlserver.jdbc.SQLServerConnection.executeCommand(SQLServerConnection.java:2869)
	at com.microsoft.sqlserver.jdbc.SQLServerStatement.executeCommand(SQLServerStatement.java:243)
	at com.microsoft.sqlserver.jdbc.SQLServerStatement.executeStatement(SQLServerStatement.java:218)
	at com.microsoft.sqlserver.jdbc.SQLServerStatement.execute(SQLServerStatement.java:739)
	at org.hibernate.tool.schema.internal.exec.GenerationTargetToDatabase.accept(GenerationTargetToDatabase.java:54)
	... 18 common frames omitted
2020-10-02 14:25:05,759 WARN [main] o.h.t.s.i.ExceptionHandlerLoggedImpl [ExceptionHandlerLoggedImpl.java:27] GenerationTarget encountered exception accepting command : Error executing DDL "alter table Patient drop constraint FKfcyn3oy4e6g9693iceprt8tb7" via JDBC Statement
org.hibernate.tool.schema.spi.CommandAcceptanceException: Error executing DDL "alter table Patient drop constraint FKfcyn3oy4e6g9693iceprt8tb7" via JDBC Statement
	at org.hibernate.tool.schema.internal.exec.GenerationTargetToDatabase.accept(GenerationTargetToDatabase.java:67)
	at org.hibernate.tool.schema.internal.SchemaDropperImpl.applySqlString(SchemaDropperImpl.java:375)
	at org.hibernate.tool.schema.internal.SchemaDropperImpl.applySqlStrings(SchemaDropperImpl.java:359)
	at org.hibernate.tool.schema.internal.SchemaDropperImpl.applyConstraintDropping(SchemaDropperImpl.java:331)
	at org.hibernate.tool.schema.internal.SchemaDropperImpl.dropFromMetadata(SchemaDropperImpl.java:230)
	at org.hibernate.tool.schema.internal.SchemaDropperImpl.performDrop(SchemaDropperImpl.java:154)
	at org.hibernate.tool.schema.internal.SchemaDropperImpl.doDrop(SchemaDropperImpl.java:126)
	at org.hibernate.tool.schema.internal.SchemaDropperImpl.doDrop(SchemaDropperImpl.java:112)
	at org.hibernate.tool.schema.spi.SchemaManagementToolCoordinator.performDatabaseAction(SchemaManagementToolCoordinator.java:144)
	at org.hibernate.tool.schema.spi.SchemaManagementToolCoordinator.process(SchemaManagementToolCoordinator.java:72)
	at org.hibernate.internal.SessionFactoryImpl.<init>(SessionFactoryImpl.java:309)
	at org.hibernate.boot.internal.SessionFactoryBuilderImpl.build(SessionFactoryBuilderImpl.java:462)
	at org.hibernate.jpa.boot.internal.EntityManagerFactoryBuilderImpl.build(EntityManagerFactoryBuilderImpl.java:938)
	at org.hibernate.jpa.HibernatePersistenceProvider.createEntityManagerFactory(HibernatePersistenceProvider.java:56)
	at javax.persistence.Persistence.createEntityManagerFactory(Persistence.java:79)
	at javax.persistence.Persistence.createEntityManagerFactory(Persistence.java:54)
	at com.pfizer.sacchon.repository.util.JpaUtil.getEntityManagerFactory(JpaUtil.java:13)
	at com.pfizer.sacchon.repository.util.JpaUtil.getEntityManager(JpaUtil.java:18)
	at com.pfizer.sacchon.Main.main(Main.java:26)
Caused by: com.microsoft.sqlserver.jdbc.SQLServerException: Cannot find the object "Patient" because it does not exist or you do not have permissions.
	at com.microsoft.sqlserver.jdbc.SQLServerException.makeFromDatabaseError(SQLServerException.java:254)
	at com.microsoft.sqlserver.jdbc.SQLServerStatement.getNextResult(SQLServerStatement.java:1608)
	at com.microsoft.sqlserver.jdbc.SQLServerStatement.doExecuteStatement(SQLServerStatement.java:859)
	at com.microsoft.sqlserver.jdbc.SQLServerStatement$StmtExecCmd.doExecute(SQLServerStatement.java:759)
	at com.microsoft.sqlserver.jdbc.TDSCommand.execute(IOBuffer.java:7240)
	at com.microsoft.sqlserver.jdbc.SQLServerConnection.executeCommand(SQLServerConnection.java:2869)
	at com.microsoft.sqlserver.jdbc.SQLServerStatement.executeCommand(SQLServerStatement.java:243)
	at com.microsoft.sqlserver.jdbc.SQLServerStatement.executeStatement(SQLServerStatement.java:218)
	at com.microsoft.sqlserver.jdbc.SQLServerStatement.execute(SQLServerStatement.java:739)
	at org.hibernate.tool.schema.internal.exec.GenerationTargetToDatabase.accept(GenerationTargetToDatabase.java:54)
	... 18 common frames omitted
2020-10-02 14:25:05,762 WARN [main] o.h.t.s.i.ExceptionHandlerLoggedImpl [ExceptionHandlerLoggedImpl.java:27] GenerationTarget encountered exception accepting command : Error executing DDL "drop table Carb" via JDBC Statement
org.hibernate.tool.schema.spi.CommandAcceptanceException: Error executing DDL "drop table Carb" via JDBC Statement
	at org.hibernate.tool.schema.internal.exec.GenerationTargetToDatabase.accept(GenerationTargetToDatabase.java:67)
	at org.hibernate.tool.schema.internal.SchemaDropperImpl.applySqlString(SchemaDropperImpl.java:375)
	at org.hibernate.tool.schema.internal.SchemaDropperImpl.applySqlStrings(SchemaDropperImpl.java:359)
	at org.hibernate.tool.schema.internal.SchemaDropperImpl.dropFromMetadata(SchemaDropperImpl.java:241)
	at org.hibernate.tool.schema.internal.SchemaDropperImpl.performDrop(SchemaDropperImpl.java:154)
	at org.hibernate.tool.schema.internal.SchemaDropperImpl.doDrop(SchemaDropperImpl.java:126)
	at org.hibernate.tool.schema.internal.SchemaDropperImpl.doDrop(SchemaDropperImpl.java:112)
	at org.hibernate.tool.schema.spi.SchemaManagementToolCoordinator.performDatabaseAction(SchemaManagementToolCoordinator.java:144)
	at org.hibernate.tool.schema.spi.SchemaManagementToolCoordinator.process(SchemaManagementToolCoordinator.java:72)
	at org.hibernate.internal.SessionFactoryImpl.<init>(SessionFactoryImpl.java:309)
	at org.hibernate.boot.internal.SessionFactoryBuilderImpl.build(SessionFactoryBuilderImpl.java:462)
	at org.hibernate.jpa.boot.internal.EntityManagerFactoryBuilderImpl.build(EntityManagerFactoryBuilderImpl.java:938)
	at org.hibernate.jpa.HibernatePersistenceProvider.createEntityManagerFactory(HibernatePersistenceProvider.java:56)
	at javax.persistence.Persistence.createEntityManagerFactory(Persistence.java:79)
	at javax.persistence.Persistence.createEntityManagerFactory(Persistence.java:54)
	at com.pfizer.sacchon.repository.util.JpaUtil.getEntityManagerFactory(JpaUtil.java:13)
	at com.pfizer.sacchon.repository.util.JpaUtil.getEntityManager(JpaUtil.java:18)
	at com.pfizer.sacchon.Main.main(Main.java:26)
Caused by: com.microsoft.sqlserver.jdbc.SQLServerException: Cannot drop the table 'Carb', because it does not exist or you do not have permission.
	at com.microsoft.sqlserver.jdbc.SQLServerException.makeFromDatabaseError(SQLServerException.java:254)
	at com.microsoft.sqlserver.jdbc.SQLServerStatement.getNextResult(SQLServerStatement.java:1608)
	at com.microsoft.sqlserver.jdbc.SQLServerStatement.doExecuteStatement(SQLServerStatement.java:859)
	at com.microsoft.sqlserver.jdbc.SQLServerStatement$StmtExecCmd.doExecute(SQLServerStatement.java:759)
	at com.microsoft.sqlserver.jdbc.TDSCommand.execute(IOBuffer.java:7240)
	at com.microsoft.sqlserver.jdbc.SQLServerConnection.executeCommand(SQLServerConnection.java:2869)
	at com.microsoft.sqlserver.jdbc.SQLServerStatement.executeCommand(SQLServerStatement.java:243)
	at com.microsoft.sqlserver.jdbc.SQLServerStatement.executeStatement(SQLServerStatement.java:218)
	at com.microsoft.sqlserver.jdbc.SQLServerStatement.execute(SQLServerStatement.java:739)
	at org.hibernate.tool.schema.internal.exec.GenerationTargetToDatabase.accept(GenerationTargetToDatabase.java:54)
	... 17 common frames omitted
2020-10-02 14:25:05,764 WARN [main] o.h.t.s.i.ExceptionHandlerLoggedImpl [ExceptionHandlerLoggedImpl.java:27] GenerationTarget encountered exception accepting command : Error executing DDL "drop table Doctor" via JDBC Statement
org.hibernate.tool.schema.spi.CommandAcceptanceException: Error executing DDL "drop table Doctor" via JDBC Statement
	at org.hibernate.tool.schema.internal.exec.GenerationTargetToDatabase.accept(GenerationTargetToDatabase.java:67)
	at org.hibernate.tool.schema.internal.SchemaDropperImpl.applySqlString(SchemaDropperImpl.java:375)
	at org.hibernate.tool.schema.internal.SchemaDropperImpl.applySqlStrings(SchemaDropperImpl.java:359)
	at org.hibernate.tool.schema.internal.SchemaDropperImpl.dropFromMetadata(SchemaDropperImpl.java:241)
	at org.hibernate.tool.schema.internal.SchemaDropperImpl.performDrop(SchemaDropperImpl.java:154)
	at org.hibernate.tool.schema.internal.SchemaDropperImpl.doDrop(SchemaDropperImpl.java:126)
	at org.hibernate.tool.schema.internal.SchemaDropperImpl.doDrop(SchemaDropperImpl.java:112)
	at org.hibernate.tool.schema.spi.SchemaManagementToolCoordinator.performDatabaseAction(SchemaManagementToolCoordinator.java:144)
	at org.hibernate.tool.schema.spi.SchemaManagementToolCoordinator.process(SchemaManagementToolCoordinator.java:72)
	at org.hibernate.internal.SessionFactoryImpl.<init>(SessionFactoryImpl.java:309)
	at org.hibernate.boot.internal.SessionFactoryBuilderImpl.build(SessionFactoryBuilderImpl.java:462)
	at org.hibernate.jpa.boot.internal.EntityManagerFactoryBuilderImpl.build(EntityManagerFactoryBuilderImpl.java:938)
	at org.hibernate.jpa.HibernatePersistenceProvider.createEntityManagerFactory(HibernatePersistenceProvider.java:56)
	at javax.persistence.Persistence.createEntityManagerFactory(Persistence.java:79)
	at javax.persistence.Persistence.createEntityManagerFactory(Persistence.java:54)
	at com.pfizer.sacchon.repository.util.JpaUtil.getEntityManagerFactory(JpaUtil.java:13)
	at com.pfizer.sacchon.repository.util.JpaUtil.getEntityManager(JpaUtil.java:18)
	at com.pfizer.sacchon.Main.main(Main.java:26)
Caused by: com.microsoft.sqlserver.jdbc.SQLServerException: Cannot drop the table 'Doctor', because it does not exist or you do not have permission.
	at com.microsoft.sqlserver.jdbc.SQLServerException.makeFromDatabaseError(SQLServerException.java:254)
	at com.microsoft.sqlserver.jdbc.SQLServerStatement.getNextResult(SQLServerStatement.java:1608)
	at com.microsoft.sqlserver.jdbc.SQLServerStatement.doExecuteStatement(SQLServerStatement.java:859)
	at com.microsoft.sqlserver.jdbc.SQLServerStatement$StmtExecCmd.doExecute(SQLServerStatement.java:759)
	at com.microsoft.sqlserver.jdbc.TDSCommand.execute(IOBuffer.java:7240)
	at com.microsoft.sqlserver.jdbc.SQLServerConnection.executeCommand(SQLServerConnection.java:2869)
	at com.microsoft.sqlserver.jdbc.SQLServerStatement.executeCommand(SQLServerStatement.java:243)
	at com.microsoft.sqlserver.jdbc.SQLServerStatement.executeStatement(SQLServerStatement.java:218)
	at com.microsoft.sqlserver.jdbc.SQLServerStatement.execute(SQLServerStatement.java:739)
	at org.hibernate.tool.schema.internal.exec.GenerationTargetToDatabase.accept(GenerationTargetToDatabase.java:54)
	... 17 common frames omitted
2020-10-02 14:25:05,766 WARN [main] o.h.t.s.i.ExceptionHandlerLoggedImpl [ExceptionHandlerLoggedImpl.java:27] GenerationTarget encountered exception accepting command : Error executing DDL "drop table Glucose" via JDBC Statement
org.hibernate.tool.schema.spi.CommandAcceptanceException: Error executing DDL "drop table Glucose" via JDBC Statement
	at org.hibernate.tool.schema.internal.exec.GenerationTargetToDatabase.accept(GenerationTargetToDatabase.java:67)
	at org.hibernate.tool.schema.internal.SchemaDropperImpl.applySqlString(SchemaDropperImpl.java:375)
	at org.hibernate.tool.schema.internal.SchemaDropperImpl.applySqlStrings(SchemaDropperImpl.java:359)
	at org.hibernate.tool.schema.internal.SchemaDropperImpl.dropFromMetadata(SchemaDropperImpl.java:241)
	at org.hibernate.tool.schema.internal.SchemaDropperImpl.performDrop(SchemaDropperImpl.java:154)
	at org.hibernate.tool.schema.internal.SchemaDropperImpl.doDrop(SchemaDropperImpl.java:126)
	at org.hibernate.tool.schema.internal.SchemaDropperImpl.doDrop(SchemaDropperImpl.java:112)
	at org.hibernate.tool.schema.spi.SchemaManagementToolCoordinator.performDatabaseAction(SchemaManagementToolCoordinator.java:144)
	at org.hibernate.tool.schema.spi.SchemaManagementToolCoordinator.process(SchemaManagementToolCoordinator.java:72)
	at org.hibernate.internal.SessionFactoryImpl.<init>(SessionFactoryImpl.java:309)
	at org.hibernate.boot.internal.SessionFactoryBuilderImpl.build(SessionFactoryBuilderImpl.java:462)
	at org.hibernate.jpa.boot.internal.EntityManagerFactoryBuilderImpl.build(EntityManagerFactoryBuilderImpl.java:938)
	at org.hibernate.jpa.HibernatePersistenceProvider.createEntityManagerFactory(HibernatePersistenceProvider.java:56)
	at javax.persistence.Persistence.createEntityManagerFactory(Persistence.java:79)
	at javax.persistence.Persistence.createEntityManagerFactory(Persistence.java:54)
	at com.pfizer.sacchon.repository.util.JpaUtil.getEntityManagerFactory(JpaUtil.java:13)
	at com.pfizer.sacchon.repository.util.JpaUtil.getEntityManager(JpaUtil.java:18)
	at com.pfizer.sacchon.Main.main(Main.java:26)
Caused by: com.microsoft.sqlserver.jdbc.SQLServerException: Cannot drop the table 'Glucose', because it does not exist or you do not have permission.
	at com.microsoft.sqlserver.jdbc.SQLServerException.makeFromDatabaseError(SQLServerException.java:254)
	at com.microsoft.sqlserver.jdbc.SQLServerStatement.getNextResult(SQLServerStatement.java:1608)
	at com.microsoft.sqlserver.jdbc.SQLServerStatement.doExecuteStatement(SQLServerStatement.java:859)
	at com.microsoft.sqlserver.jdbc.SQLServerStatement$StmtExecCmd.doExecute(SQLServerStatement.java:759)
	at com.microsoft.sqlserver.jdbc.TDSCommand.execute(IOBuffer.java:7240)
	at com.microsoft.sqlserver.jdbc.SQLServerConnection.executeCommand(SQLServerConnection.java:2869)
	at com.microsoft.sqlserver.jdbc.SQLServerStatement.executeCommand(SQLServerStatement.java:243)
	at com.microsoft.sqlserver.jdbc.SQLServerStatement.executeStatement(SQLServerStatement.java:218)
	at com.microsoft.sqlserver.jdbc.SQLServerStatement.execute(SQLServerStatement.java:739)
	at org.hibernate.tool.schema.internal.exec.GenerationTargetToDatabase.accept(GenerationTargetToDatabase.java:54)
	... 17 common frames omitted
2020-10-02 14:25:05,767 WARN [main] o.h.t.s.i.ExceptionHandlerLoggedImpl [ExceptionHandlerLoggedImpl.java:27] GenerationTarget encountered exception accepting command : Error executing DDL "drop table Note" via JDBC Statement
org.hibernate.tool.schema.spi.CommandAcceptanceException: Error executing DDL "drop table Note" via JDBC Statement
	at org.hibernate.tool.schema.internal.exec.GenerationTargetToDatabase.accept(GenerationTargetToDatabase.java:67)
	at org.hibernate.tool.schema.internal.SchemaDropperImpl.applySqlString(SchemaDropperImpl.java:375)
	at org.hibernate.tool.schema.internal.SchemaDropperImpl.applySqlStrings(SchemaDropperImpl.java:359)
	at org.hibernate.tool.schema.internal.SchemaDropperImpl.dropFromMetadata(SchemaDropperImpl.java:241)
	at org.hibernate.tool.schema.internal.SchemaDropperImpl.performDrop(SchemaDropperImpl.java:154)
	at org.hibernate.tool.schema.internal.SchemaDropperImpl.doDrop(SchemaDropperImpl.java:126)
	at org.hibernate.tool.schema.internal.SchemaDropperImpl.doDrop(SchemaDropperImpl.java:112)
	at org.hibernate.tool.schema.spi.SchemaManagementToolCoordinator.performDatabaseAction(SchemaManagementToolCoordinator.java:144)
	at org.hibernate.tool.schema.spi.SchemaManagementToolCoordinator.process(SchemaManagementToolCoordinator.java:72)
	at org.hibernate.internal.SessionFactoryImpl.<init>(SessionFactoryImpl.java:309)
	at org.hibernate.boot.internal.SessionFactoryBuilderImpl.build(SessionFactoryBuilderImpl.java:462)
	at org.hibernate.jpa.boot.internal.EntityManagerFactoryBuilderImpl.build(EntityManagerFactoryBuilderImpl.java:938)
	at org.hibernate.jpa.HibernatePersistenceProvider.createEntityManagerFactory(HibernatePersistenceProvider.java:56)
	at javax.persistence.Persistence.createEntityManagerFactory(Persistence.java:79)
	at javax.persistence.Persistence.createEntityManagerFactory(Persistence.java:54)
	at com.pfizer.sacchon.repository.util.JpaUtil.getEntityManagerFactory(JpaUtil.java:13)
	at com.pfizer.sacchon.repository.util.JpaUtil.getEntityManager(JpaUtil.java:18)
	at com.pfizer.sacchon.Main.main(Main.java:26)
Caused by: com.microsoft.sqlserver.jdbc.SQLServerException: Cannot drop the table 'Note', because it does not exist or you do not have permission.
	at com.microsoft.sqlserver.jdbc.SQLServerException.makeFromDatabaseError(SQLServerException.java:254)
	at com.microsoft.sqlserver.jdbc.SQLServerStatement.getNextResult(SQLServerStatement.java:1608)
	at com.microsoft.sqlserver.jdbc.SQLServerStatement.doExecuteStatement(SQLServerStatement.java:859)
	at com.microsoft.sqlserver.jdbc.SQLServerStatement$StmtExecCmd.doExecute(SQLServerStatement.java:759)
	at com.microsoft.sqlserver.jdbc.TDSCommand.execute(IOBuffer.java:7240)
	at com.microsoft.sqlserver.jdbc.SQLServerConnection.executeCommand(SQLServerConnection.java:2869)
	at com.microsoft.sqlserver.jdbc.SQLServerStatement.executeCommand(SQLServerStatement.java:243)
	at com.microsoft.sqlserver.jdbc.SQLServerStatement.executeStatement(SQLServerStatement.java:218)
	at com.microsoft.sqlserver.jdbc.SQLServerStatement.execute(SQLServerStatement.java:739)
	at org.hibernate.tool.schema.internal.exec.GenerationTargetToDatabase.accept(GenerationTargetToDatabase.java:54)
	... 17 common frames omitted
2020-10-02 14:25:05,768 WARN [main] o.h.t.s.i.ExceptionHandlerLoggedImpl [ExceptionHandlerLoggedImpl.java:27] GenerationTarget encountered exception accepting command : Error executing DDL "drop table Patient" via JDBC Statement
org.hibernate.tool.schema.spi.CommandAcceptanceException: Error executing DDL "drop table Patient" via JDBC Statement
	at org.hibernate.tool.schema.internal.exec.GenerationTargetToDatabase.accept(GenerationTargetToDatabase.java:67)
	at org.hibernate.tool.schema.internal.SchemaDropperImpl.applySqlString(SchemaDropperImpl.java:375)
	at org.hibernate.tool.schema.internal.SchemaDropperImpl.applySqlStrings(SchemaDropperImpl.java:359)
	at org.hibernate.tool.schema.internal.SchemaDropperImpl.dropFromMetadata(SchemaDropperImpl.java:241)
	at org.hibernate.tool.schema.internal.SchemaDropperImpl.performDrop(SchemaDropperImpl.java:154)
	at org.hibernate.tool.schema.internal.SchemaDropperImpl.doDrop(SchemaDropperImpl.java:126)
	at org.hibernate.tool.schema.internal.SchemaDropperImpl.doDrop(SchemaDropperImpl.java:112)
	at org.hibernate.tool.schema.spi.SchemaManagementToolCoordinator.performDatabaseAction(SchemaManagementToolCoordinator.java:144)
	at org.hibernate.tool.schema.spi.SchemaManagementToolCoordinator.process(SchemaManagementToolCoordinator.java:72)
	at org.hibernate.internal.SessionFactoryImpl.<init>(SessionFactoryImpl.java:309)
	at org.hibernate.boot.internal.SessionFactoryBuilderImpl.build(SessionFactoryBuilderImpl.java:462)
	at org.hibernate.jpa.boot.internal.EntityManagerFactoryBuilderImpl.build(EntityManagerFactoryBuilderImpl.java:938)
	at org.hibernate.jpa.HibernatePersistenceProvider.createEntityManagerFactory(HibernatePersistenceProvider.java:56)
	at javax.persistence.Persistence.createEntityManagerFactory(Persistence.java:79)
	at javax.persistence.Persistence.createEntityManagerFactory(Persistence.java:54)
	at com.pfizer.sacchon.repository.util.JpaUtil.getEntityManagerFactory(JpaUtil.java:13)
	at com.pfizer.sacchon.repository.util.JpaUtil.getEntityManager(JpaUtil.java:18)
	at com.pfizer.sacchon.Main.main(Main.java:26)
Caused by: com.microsoft.sqlserver.jdbc.SQLServerException: Cannot drop the table 'Patient', because it does not exist or you do not have permission.
	at com.microsoft.sqlserver.jdbc.SQLServerException.makeFromDatabaseError(SQLServerException.java:254)
	at com.microsoft.sqlserver.jdbc.SQLServerStatement.getNextResult(SQLServerStatement.java:1608)
	at com.microsoft.sqlserver.jdbc.SQLServerStatement.doExecuteStatement(SQLServerStatement.java:859)
	at com.microsoft.sqlserver.jdbc.SQLServerStatement$StmtExecCmd.doExecute(SQLServerStatement.java:759)
	at com.microsoft.sqlserver.jdbc.TDSCommand.execute(IOBuffer.java:7240)
	at com.microsoft.sqlserver.jdbc.SQLServerConnection.executeCommand(SQLServerConnection.java:2869)
	at com.microsoft.sqlserver.jdbc.SQLServerStatement.executeCommand(SQLServerStatement.java:243)
	at com.microsoft.sqlserver.jdbc.SQLServerStatement.executeStatement(SQLServerStatement.java:218)
	at com.microsoft.sqlserver.jdbc.SQLServerStatement.execute(SQLServerStatement.java:739)
	at org.hibernate.tool.schema.internal.exec.GenerationTargetToDatabase.accept(GenerationTargetToDatabase.java:54)
	... 17 common frames omitted
2020-10-02 14:25:05,770 WARN [main] o.h.t.s.i.ExceptionHandlerLoggedImpl [ExceptionHandlerLoggedImpl.java:27] GenerationTarget encountered exception accepting command : Error executing DDL "drop table UserTable" via JDBC Statement
org.hibernate.tool.schema.spi.CommandAcceptanceException: Error executing DDL "drop table UserTable" via JDBC Statement
	at org.hibernate.tool.schema.internal.exec.GenerationTargetToDatabase.accept(GenerationTargetToDatabase.java:67)
	at org.hibernate.tool.schema.internal.SchemaDropperImpl.applySqlString(SchemaDropperImpl.java:375)
	at org.hibernate.tool.schema.internal.SchemaDropperImpl.applySqlStrings(SchemaDropperImpl.java:359)
	at org.hibernate.tool.schema.internal.SchemaDropperImpl.dropFromMetadata(SchemaDropperImpl.java:241)
	at org.hibernate.tool.schema.internal.SchemaDropperImpl.performDrop(SchemaDropperImpl.java:154)
	at org.hibernate.tool.schema.internal.SchemaDropperImpl.doDrop(SchemaDropperImpl.java:126)
	at org.hibernate.tool.schema.internal.SchemaDropperImpl.doDrop(SchemaDropperImpl.java:112)
	at org.hibernate.tool.schema.spi.SchemaManagementToolCoordinator.performDatabaseAction(SchemaManagementToolCoordinator.java:144)
	at org.hibernate.tool.schema.spi.SchemaManagementToolCoordinator.process(SchemaManagementToolCoordinator.java:72)
	at org.hibernate.internal.SessionFactoryImpl.<init>(SessionFactoryImpl.java:309)
	at org.hibernate.boot.internal.SessionFactoryBuilderImpl.build(SessionFactoryBuilderImpl.java:462)
	at org.hibernate.jpa.boot.internal.EntityManagerFactoryBuilderImpl.build(EntityManagerFactoryBuilderImpl.java:938)
	at org.hibernate.jpa.HibernatePersistenceProvider.createEntityManagerFactory(HibernatePersistenceProvider.java:56)
	at javax.persistence.Persistence.createEntityManagerFactory(Persistence.java:79)
	at javax.persistence.Persistence.createEntityManagerFactory(Persistence.java:54)
	at com.pfizer.sacchon.repository.util.JpaUtil.getEntityManagerFactory(JpaUtil.java:13)
	at com.pfizer.sacchon.repository.util.JpaUtil.getEntityManager(JpaUtil.java:18)
	at com.pfizer.sacchon.Main.main(Main.java:26)
Caused by: com.microsoft.sqlserver.jdbc.SQLServerException: Cannot drop the table 'UserTable', because it does not exist or you do not have permission.
	at com.microsoft.sqlserver.jdbc.SQLServerException.makeFromDatabaseError(SQLServerException.java:254)
	at com.microsoft.sqlserver.jdbc.SQLServerStatement.getNextResult(SQLServerStatement.java:1608)
	at com.microsoft.sqlserver.jdbc.SQLServerStatement.doExecuteStatement(SQLServerStatement.java:859)
	at com.microsoft.sqlserver.jdbc.SQLServerStatement$StmtExecCmd.doExecute(SQLServerStatement.java:759)
	at com.microsoft.sqlserver.jdbc.TDSCommand.execute(IOBuffer.java:7240)
	at com.microsoft.sqlserver.jdbc.SQLServerConnection.executeCommand(SQLServerConnection.java:2869)
	at com.microsoft.sqlserver.jdbc.SQLServerStatement.executeCommand(SQLServerStatement.java:243)
	at com.microsoft.sqlserver.jdbc.SQLServerStatement.executeStatement(SQLServerStatement.java:218)
	at com.microsoft.sqlserver.jdbc.SQLServerStatement.execute(SQLServerStatement.java:739)
	at org.hibernate.tool.schema.internal.exec.GenerationTargetToDatabase.accept(GenerationTargetToDatabase.java:54)
	... 17 common frames omitted
2020-10-02 14:25:05,780 INFO [main] o.h.o.c.access [DdlTransactionIsolatorNonJtaImpl.java:47] HHH10001501: Connection obtained from JdbcConnectionAccess [org.hibernate.engine.jdbc.env.internal.JdbcEnvironmentInitiator$ConnectionProviderJdbcConnectionAccess@7a3b7122] for (non-JTA) DDL execution was not in auto-commit mode; the Connection 'local transaction' will be committed and the Connection will be set into auto-commit mode.
2020-10-02 14:25:05,819 INFO [main] o.h.e.t.j.p.i.JtaPlatformInitiator [JtaPlatformInitiator.java:52] HHH000490: Using JtaPlatform implementation: [org.hibernate.engine.transaction.jta.platform.internal.NoJtaPlatform]
2020-10-02 14:25:05,958 INFO [main] o.e.j.u.log [Log.java:193] Logging initialized @5904ms to org.eclipse.jetty.util.log.Slf4jLog
2020-10-02 14:25:06,001 INFO [main] o.e.j.s.Server [Server.java:374] jetty-9.4.11.v20180605; built: 2018-06-05T18:24:03.829Z; git: d5fc0523cfa96bfebfbda19606cad384d772f04c; jvm 14.0.2+12-46
2020-10-02 14:25:06,045 INFO [main] o.e.j.s.AbstractConnector [AbstractConnector.java:289] Started ServerConnector@23ad71bf{HTTP/1.1,[http/1.1]}{0.0.0.0:9000}
2020-10-02 14:25:06,046 INFO [main] o.e.j.s.Server [Server.java:411] Started @5993ms
2020-10-02 14:25:37,047 INFO [main] o.h.j.i.u.LogHelper [LogHelper.java:31] HHH000204: Processing PersistenceUnitInfo [name: PERSISTENCE]
2020-10-02 14:25:37,293 INFO [main] o.h.Version [Version.java:46] HHH000412: Hibernate Core {5.4.1.Final}
2020-10-02 14:25:37,791 INFO [main] o.h.a.c.Version [JavaReflectionManager.java:49] HCANN000001: Hibernate Commons Annotations {5.1.0.Final}
2020-10-02 14:25:38,344 WARN [main] o.h.o.c.pooling [DriverManagerConnectionProviderImpl.java:72] HHH10001002: Using Hibernate built-in connection pool (not for production use!)
2020-10-02 14:25:38,572 INFO [main] o.h.o.c.pooling [DriverManagerConnectionProviderImpl.java:115] HHH10001005: using driver [com.microsoft.sqlserver.jdbc.SQLServerDriver] at URL [jdbc:sqlserver://localhost;databaseName=Sacchon]
2020-10-02 14:25:38,574 INFO [main] o.h.o.c.pooling [DriverManagerConnectionProviderImpl.java:124] HHH10001001: Connection properties: {password=****, user=sa}
2020-10-02 14:25:38,575 INFO [main] o.h.o.c.pooling [DriverManagerConnectionProviderImpl.java:129] HHH10001003: Autocommit mode: false
2020-10-02 14:25:38,581 INFO [main] o.h.e.j.c.i.DriverManagerConnectionProviderImpl [DriverManagerConnectionProviderImpl.java:239] HHH000115: Hibernate connection pool size: 20 (min=1)
2020-10-02 14:25:39,097 INFO [main] o.h.d.Dialect [Dialect.java:158] HHH000400: Using dialect: org.hibernate.dialect.SQLServer2012Dialect
2020-10-02 14:25:40,476 INFO [main] o.h.o.c.access [DdlTransactionIsolatorNonJtaImpl.java:47] HHH10001501: Connection obtained from JdbcConnectionAccess [org.hibernate.engine.jdbc.env.internal.JdbcEnvironmentInitiator$ConnectionProviderJdbcConnectionAccess@7fd987ef] for (non-JTA) DDL execution was not in auto-commit mode; the Connection 'local transaction' will be committed and the Connection will be set into auto-commit mode.
2020-10-02 14:25:41,115 INFO [main] o.h.e.t.j.p.i.JtaPlatformInitiator [JtaPlatformInitiator.java:52] HHH000490: Using JtaPlatform implementation: [org.hibernate.engine.transaction.jta.platform.internal.NoJtaPlatform]
2020-10-02 14:25:41,256 INFO [main] o.e.j.u.log [Log.java:193] Logging initialized @5888ms to org.eclipse.jetty.util.log.Slf4jLog
2020-10-02 14:25:41,309 INFO [main] o.e.j.s.Server [Server.java:374] jetty-9.4.11.v20180605; built: 2018-06-05T18:24:03.829Z; git: d5fc0523cfa96bfebfbda19606cad384d772f04c; jvm 14.0.2+12-46
2020-10-02 14:25:41,361 INFO [main] o.e.j.s.AbstractConnector [AbstractConnector.java:289] Started ServerConnector@3592c1c4{HTTP/1.1,[http/1.1]}{0.0.0.0:9000}
2020-10-02 14:25:41,362 INFO [main] o.e.j.s.Server [Server.java:411] Started @5994ms
2020-10-02 14:26:08,798 INFO [main] o.h.j.i.u.LogHelper [LogHelper.java:31] HHH000204: Processing PersistenceUnitInfo [name: PERSISTENCE]
2020-10-02 14:26:09,057 INFO [main] o.h.Version [Version.java:46] HHH000412: Hibernate Core {5.4.1.Final}
2020-10-02 14:26:09,609 INFO [main] o.h.a.c.Version [JavaReflectionManager.java:49] HCANN000001: Hibernate Commons Annotations {5.1.0.Final}
2020-10-02 14:26:10,394 WARN [main] o.h.o.c.pooling [DriverManagerConnectionProviderImpl.java:72] HHH10001002: Using Hibernate built-in connection pool (not for production use!)
2020-10-02 14:26:10,710 INFO [main] o.h.o.c.pooling [DriverManagerConnectionProviderImpl.java:115] HHH10001005: using driver [com.microsoft.sqlserver.jdbc.SQLServerDriver] at URL [jdbc:sqlserver://localhost;databaseName=Sacchon]
2020-10-02 14:26:10,711 INFO [main] o.h.o.c.pooling [DriverManagerConnectionProviderImpl.java:124] HHH10001001: Connection properties: {password=****, user=sa}
2020-10-02 14:26:10,712 INFO [main] o.h.o.c.pooling [DriverManagerConnectionProviderImpl.java:129] HHH10001003: Autocommit mode: false
2020-10-02 14:26:10,717 INFO [main] o.h.e.j.c.i.DriverManagerConnectionProviderImpl [DriverManagerConnectionProviderImpl.java:239] HHH000115: Hibernate connection pool size: 20 (min=1)
2020-10-02 14:26:11,252 INFO [main] o.h.d.Dialect [Dialect.java:158] HHH000400: Using dialect: org.hibernate.dialect.SQLServer2012Dialect
2020-10-02 14:26:12,856 INFO [main] o.h.o.c.access [DdlTransactionIsolatorNonJtaImpl.java:47] HHH10001501: Connection obtained from JdbcConnectionAccess [org.hibernate.engine.jdbc.env.internal.JdbcEnvironmentInitiator$ConnectionProviderJdbcConnectionAccess@d3f4505] for (non-JTA) DDL execution was not in auto-commit mode; the Connection 'local transaction' will be committed and the Connection will be set into auto-commit mode.
2020-10-02 14:26:13,493 INFO [main] o.h.e.t.j.p.i.JtaPlatformInitiator [JtaPlatformInitiator.java:52] HHH000490: Using JtaPlatform implementation: [org.hibernate.engine.transaction.jta.platform.internal.NoJtaPlatform]
2020-10-02 14:26:13,656 INFO [main] o.e.j.u.log [Log.java:193] Logging initialized @6718ms to org.eclipse.jetty.util.log.Slf4jLog
2020-10-02 14:26:13,707 INFO [main] o.e.j.s.Server [Server.java:374] jetty-9.4.11.v20180605; built: 2018-06-05T18:24:03.829Z; git: d5fc0523cfa96bfebfbda19606cad384d772f04c; jvm 14.0.2+12-46
2020-10-02 14:26:13,767 INFO [main] o.e.j.s.AbstractConnector [AbstractConnector.java:289] Started ServerConnector@cde8c6c{HTTP/1.1,[http/1.1]}{0.0.0.0:9000}
2020-10-02 14:26:13,767 INFO [main] o.e.j.s.Server [Server.java:411] Started @6830ms
